<?xml version="1.0" encoding="UTF-8"?>
<!-- Generated by org.testng.reporters.JUnitReportReporter -->
<testsuite skipped="0" hostname="SAJIDs-MBP.fios-router.home" name="actionsClass.ClickKeys" tests="1" failures="0" timestamp="2021-05-04T18:08:43 EDT" time="8.164" errors="0">
  <testcase name="clickKeysEvent" time="8.164" classname="actionsClass.ClickKeys"/>
</testsuite> <!-- actionsClass.ClickKeys -->
