<?xml version="1.0" encoding="UTF-8"?>
<!-- Generated by org.testng.reporters.JUnitReportReporter -->
<testsuite skipped="0" hostname="SAJIDs-MBP.fios-router.home" name="actionsClass.ClickEnter" tests="1" failures="0" timestamp="2021-05-04T18:26:20 EDT" time="4.055" errors="0">
  <testcase name="clickEnterEvent" time="4.055" classname="actionsClass.ClickEnter"/>
</testsuite> <!-- actionsClass.ClickEnter -->
