<?xml version="1.0" encoding="UTF-8"?>
<!-- Generated by org.testng.reporters.JUnitReportReporter -->
<testsuite skipped="0" hostname="SAJIDs-MBP.fios-router.home" name="actionsClass.MultiLinks" tests="1" failures="0" timestamp="2021-05-04T21:33:29 EDT" time="4.995" errors="0">
  <testcase name="doubleClickAction" time="4.995" classname="actionsClass.MultiLinks"/>
</testsuite> <!-- actionsClass.MultiLinks -->
