<?xml version="1.0" encoding="UTF-8"?>
<!-- Generated by org.testng.reporters.JUnitReportReporter -->
<testsuite skipped="0" hostname="SAJIDs-MBP.fios-router.home" name="actionsClass.MouseHoverList" tests="1" failures="0" timestamp="2021-05-04T16:08:45 EDT" time="12.576" errors="0">
  <testcase name="mouseHoverList" time="12.576" classname="actionsClass.MouseHoverList"/>
</testsuite> <!-- actionsClass.MouseHoverList -->
