<?xml version="1.0" encoding="UTF-8"?>
<!-- Generated by org.testng.reporters.JUnitReportReporter -->
<testsuite skipped="0" hostname="SAJIDs-MBP.fios-router.home" name="actionsClass.DragAndDrop" tests="4" failures="0" timestamp="2021-05-04T17:37:36 EDT" time="6.255" errors="0">
  <testcase name="dragDropBox1" time="1.352" classname="actionsClass.DragAndDrop"/>
  <testcase name="dragDropBox2" time="1.307" classname="actionsClass.DragAndDrop"/>
  <testcase name="dragDropBox3" time="1.298" classname="actionsClass.DragAndDrop"/>
  <testcase name="dragDropBox4" time="2.298" classname="actionsClass.DragAndDrop"/>
</testsuite> <!-- actionsClass.DragAndDrop -->
