<?xml version="1.0" encoding="UTF-8"?>
<!-- Generated by org.testng.reporters.JUnitReportReporter -->
<testsuite skipped="0" hostname="SAJIDs-MBP.fios-router.home" name="actionsClass.MouseHover" tests="1" failures="0" timestamp="2021-05-04T06:48:38 EDT" time="7.342" errors="0">
  <testcase name="HoverAndClick" time="7.342" classname="actionsClass.MouseHover"/>
</testsuite> <!-- actionsClass.MouseHover -->
