<?xml version="1.0" encoding="UTF-8"?>
<!-- Generated by org.testng.reporters.JUnitReportReporter -->
<testsuite skipped="0" hostname="SAJIDs-MBP.fios-router.home" name="dropdownHandle.ByVisibleText" tests="1" failures="0" timestamp="2021-05-03T20:15:10 EDT" time="2.709" errors="0">
  <testcase name="VisibleText" time="2.709" classname="dropdownHandle.ByVisibleText"/>
</testsuite> <!-- dropdownHandle.ByVisibleText -->
