<?xml version="1.0" encoding="UTF-8"?>
<!-- Generated by org.testng.reporters.JUnitReportReporter -->
<testsuite skipped="0" hostname="SAJIDs-MBP.fios-router.home" name="dropdownHandle.ByIndex" tests="1" failures="0" timestamp="2021-05-03T21:08:48 EDT" time="3.744" errors="0">
  <testcase name="DropDownHandleIndex" time="3.744" classname="dropdownHandle.ByIndex"/>
</testsuite> <!-- dropdownHandle.ByIndex -->
